/*C2*/SET SCHEMA PUBLIC
DELETE FROM DATABASECHANGELOGLOCK WHERE ID=1
INSERT INTO DATABASECHANGELOGLOCK VALUES(1,FALSE,NULL,NULL)
COMMIT
INSERT INTO FLIGHT VALUES('5dd7350f-bf1b-88a7-0317-0e673c4c4b51','FL427WD','B','fa8064df-3776-ec42-7c12-60cbae6a5fd5')
INSERT INTO FLIGHT VALUES('4725eb0d-396c-1209-64eb-778ded10acc2','FL958HR','A','3038af1a-e110-4f84-4e26-a4052b720aba')
INSERT INTO FLIGHT VALUES('069d49c4-1290-2ca1-3937-2c222d26f56a','FL756RP','C','3038af1a-e110-4f84-4e26-a4052b720aba')
INSERT INTO FLIGHT VALUES('f31be1e6-561e-6419-c69a-ac2e9a3a6fbe','FL718UR','E','cb5bb5cc-3540-b7ef-f925-fcd0a1832059')
INSERT INTO FLIGHT VALUES('1aa01268-87bf-a8d7-0dcd-2ac6f294fcb7','FL661NH','A','cb5bb5cc-3540-b7ef-f925-fcd0a1832059')
INSERT INTO FLIGHT VALUES('38491dfe-2bec-1d26-14a8-bda34e68514e','FL344FO','A','fa8064df-3776-ec42-7c12-60cbae6a5fd5')
INSERT INTO FLIGHT VALUES('134a283d-f665-bc74-4051-cdbf3ace8338','FL662YO','B','3038af1a-e110-4f84-4e26-a4052b720aba')
COMMIT
INSERT INTO FLIGHT VALUES('6427f98f-e620-5111-02f7-9071e4902378','FL971SL','A','fa8064df-3776-ec42-7c12-60cbae6a5fd5')
INSERT INTO FLIGHT VALUES('cad37002-7f45-3fc7-241f-97682bfe79b1','FL103QB','C','cb5bb5cc-3540-b7ef-f925-fcd0a1832059')
INSERT INTO FLIGHT VALUES('2ca074fb-a52d-6d1c-f315-3aff17ae26d5','FL458YM','C','fa8064df-3776-ec42-7c12-60cbae6a5fd5')
INSERT INTO FLIGHT VALUES('6fa1378a-fb2e-e55d-bd23-6a8f2354fa9f','FL517EK','B','fa8064df-3776-ec42-7c12-60cbae6a5fd5')
INSERT INTO FLIGHT VALUES('0dc05bfb-6a6e-e5f8-5352-104d7e3fab89','FL726CY','I','fa8064df-3776-ec42-7c12-60cbae6a5fd5')
INSERT INTO FLIGHT VALUES('35595c73-39d4-412d-ef29-01fed9ce6d8a','FL436OU','F','3038af1a-e110-4f84-4e26-a4052b720aba')
INSERT INTO FLIGHT VALUES('b2fe024f-9dff-2410-14bb-0610ae904a81','FL032FX','B','cb5bb5cc-3540-b7ef-f925-fcd0a1832059')
COMMIT
DISCONNECT
/*C3*/SET SCHEMA PUBLIC
DISCONNECT
/*C4*/SET SCHEMA PUBLIC
DISCONNECT
/*C5*/SET SCHEMA PUBLIC
DISCONNECT
/*C6*/SET SCHEMA PUBLIC
DISCONNECT
/*C7*/SET SCHEMA PUBLIC
DISCONNECT
/*C8*/SET SCHEMA PUBLIC
DISCONNECT
/*C9*/SET SCHEMA PUBLIC
DISCONNECT
/*C10*/SET SCHEMA PUBLIC
DISCONNECT
/*C11*/SET SCHEMA PUBLIC
DISCONNECT
